# JRE version: Java(TM) SE Runtime Environment (8.0_66-b17) (build 1.8.0_66-b17)
# Java VM: Java HotSpot(TM) 64-Bit Server VM (25.66-b17 mixed mode bsd-amd64 compressed oops)
Heap:
 PSYoungGen      total 241152K, used 0K [0x00000007aab00000, 0x00000007bc080000, 0x00000007c0000000)
  eden space 240128K, 0% used [0x00000007aab00000,0x00000007aab00000,0x00000007b9580000)
  from space 1024K, 0% used [0x00000007bbe80000,0x00000007bbe80000,0x00000007bbf80000)
  to   space 1024K, 0% used [0x00000007bbf80000,0x00000007bbf80000,0x00000007bc080000)
 ParOldGen       total 123392K, used 4063K [0x0000000780000000, 0x0000000787880000, 0x00000007aab00000)
  object space 123392K, 3% used [0x0000000780000000,0x00000007803f7cf8,0x0000000787880000)
 Metaspace       used 17586K, capacity 17834K, committed 18048K, reserved 1064960K
  class space    used 1976K, capacity 2062K, committed 2176K, reserved 1048576K
GC Heap History (10 events):
Event: 128891,341 GC heap before
{Heap before GC invocations=96 (full 43):
 PSYoungGen      total 241152K, used 0K [0x00000007aab00000, 0x00000007bc100000, 0x00000007c0000000)
  eden space 240128K, 0% used [0x00000007aab00000,0x00000007aab00000,0x00000007b9580000)
  from space 1024K, 0% used [0x00000007bbf00000,0x00000007bbf00000,0x00000007bc000000)
  to   space 1024K, 0% used [0x00000007bc000000,0x00000007bc000000,0x00000007bc100000)
 ParOldGen       total 123392K, used 4062K [0x0000000780000000, 0x0000000787880000, 0x00000007aab00000)
  object space 123392K, 3% used [0x0000000780000000,0x00000007803f7878,0x0000000787880000)
 Metaspace       used 17584K, capacity 17834K, committed 18048K, reserved 1064960K
  class space    used 1976K, capacity 2062K, committed 2176K, reserved 1048576K
Event: 128891,364 GC heap after
Heap after GC invocations=96 (full 43):
 PSYoungGen      total 241152K, used 0K [0x00000007aab00000, 0x00000007bc100000, 0x00000007c0000000)
  eden space 240128K, 0% used [0x00000007aab00000,0x00000007aab00000,0x00000007b9580000)
  from space 1024K, 0% used [0x00000007bbf00000,0x00000007bbf00000,0x00000007bc000000)
  to   space 1024K, 0% used [0x00000007bc000000,0x00000007bc000000,0x00000007bc100000)
 ParOldGen       total 123392K, used 4062K [0x0000000780000000, 0x0000000787880000, 0x00000007aab00000)
  object space 123392K, 3% used [0x0000000780000000,0x00000007803f7878,0x0000000787880000)
 Metaspace       used 17584K, capacity 17834K, committed 18048K, reserved 1064960K
  class space    used 1976K, capacity 2062K, committed 2176K, reserved 1048576K
}
Event: 132491,365 GC heap before
{Heap before GC invocations=97 (full 43):
 PSYoungGen      total 241152K, used 591K [0x00000007aab00000, 0x00000007bc100000, 0x00000007c0000000)
  eden space 240128K, 0% used [0x00000007aab00000,0x00000007aab93d78,0x00000007b9580000)
  from space 1024K, 0% used [0x00000007bbf00000,0x00000007bbf00000,0x00000007bc000000)
  to   space 1024K, 0% used [0x00000007bc000000,0x00000007bc000000,0x00000007bc100000)
 ParOldGen       total 123392K, used 4062K [0x0000000780000000, 0x0000000787880000, 0x00000007aab00000)
  object space 123392K, 3% used [0x0000000780000000,0x00000007803f7878,0x0000000787880000)
 Metaspace       used 17585K, capacity 17834K, committed 18048K, reserved 1064960K
  class space    used 1976K, capacity 2062K, committed 2176K, reserved 1048576K
Event: 132491,367 GC heap after
Heap after GC invocations=97 (full 43):
 PSYoungGen      total 240640K, used 96K [0x00000007aab00000, 0x00000007bc080000, 0x00000007c0000000)
  eden space 240128K, 0% used [0x00000007aab00000,0x00000007aab00000,0x00000007b9580000)
  from space 512K, 18% used [0x00000007bc000000,0x00000007bc018000,0x00000007bc080000)
  to   space 1024K, 0% used [0x00000007bbe80000,0x00000007bbe80000,0x00000007bbf80000)
 ParOldGen       total 123392K, used 4062K [0x0000000780000000, 0x0000000787880000, 0x00000007aab00000)
  object space 123392K, 3% used [0x0000000780000000,0x00000007803f7878,0x0000000787880000)
 Metaspace       used 17585K, capacity 17834K, committed 18048K, reserved 1064960K
  class space    used 1976K, capacity 2062K, committed 2176K, reserved 1048576K
}
Event: 132491,367 GC heap before
{Heap before GC invocations=98 (full 44):
 PSYoungGen      total 240640K, used 96K [0x00000007aab00000, 0x00000007bc080000, 0x00000007c0000000)
  eden space 240128K, 0% used [0x00000007aab00000,0x00000007aab00000,0x00000007b9580000)
  from space 512K, 18% used [0x00000007bc000000,0x00000007bc018000,0x00000007bc080000)
  to   space 1024K, 0% used [0x00000007bbe80000,0x00000007bbe80000,0x00000007bbf80000)
 ParOldGen       total 123392K, used 4062K [0x0000000780000000, 0x0000000787880000, 0x00000007aab00000)
  object space 123392K, 3% used [0x0000000780000000,0x00000007803f7878,0x0000000787880000)
 Metaspace       used 17585K, capacity 17834K, committed 18048K, reserved 1064960K
  class space    used 1976K, capacity 2062K, committed 2176K, reserved 1048576K
Event: 132491,393 GC heap after
Heap after GC invocations=98 (full 44):
 PSYoungGen      total 240640K, used 0K [0x00000007aab00000, 0x00000007bc080000, 0x00000007c0000000)
  eden space 240128K, 0% used [0x00000007aab00000,0x00000007aab00000,0x00000007b9580000)
  from space 512K, 0% used [0x00000007bc000000,0x00000007bc000000,0x00000007bc080000)
  to   space 1024K, 0% used [0x00000007bbe80000,0x00000007bbe80000,0x00000007bbf80000)
 ParOldGen       total 123392K, used 4062K [0x0000000780000000, 0x0000000787880000, 0x00000007aab00000)
  object space 123392K, 3% used [0x0000000780000000,0x00000007803f7a30,0x0000000787880000)
 Metaspace       used 17585K, capacity 17834K, committed 18048K, reserved 1064960K
  class space    used 1976K, capacity 2062K, committed 2176K, reserved 1048576K
}
Event: 136091,398 GC heap before
{Heap before GC invocations=99 (full 44):
 PSYoungGen      total 240640K, used 603K [0x00000007aab00000, 0x00000007bc080000, 0x00000007c0000000)
  eden space 240128K, 0% used [0x00000007aab00000,0x00000007aab96c98,0x00000007b9580000)
  from space 512K, 0% used [0x00000007bc000000,0x00000007bc000000,0x00000007bc080000)
  to   space 1024K, 0% used [0x00000007bbe80000,0x00000007bbe80000,0x00000007bbf80000)
 ParOldGen       total 123392K, used 4062K [0x0000000780000000, 0x0000000787880000, 0x00000007aab00000)
  object space 123392K, 3% used [0x0000000780000000,0x00000007803f7a30,0x0000000787880000)
 Metaspace       used 17586K, capacity 17834K, committed 18048K, reserved 1064960K
  class space    used 1976K, capacity 2062K, committed 2176K, reserved 1048576K
Event: 136091,399 GC heap after
Heap after GC invocations=99 (full 44):
 PSYoungGen      total 241152K, used 96K [0x00000007aab00000, 0x00000007bc080000, 0x00000007c0000000)
  eden space 240128K, 0% used [0x00000007aab00000,0x00000007aab00000,0x00000007b9580000)
  from space 1024K, 9% used [0x00000007bbe80000,0x00000007bbe98000,0x00000007bbf80000)
  to   space 1024K, 0% used [0x00000007bbf80000,0x00000007bbf80000,0x00000007bc080000)
 ParOldGen       total 123392K, used 4062K [0x0000000780000000, 0x0000000787880000, 0x00000007aab00000)
  object space 123392K, 3% used [0x0000000780000000,0x00000007803f7a30,0x0000000787880000)
 Metaspace       used 17586K, capacity 17834K, committed 18048K, reserved 1064960K
  class space    used 1976K, capacity 2062K, committed 2176K, reserved 1048576K
}
Event: 136091,399 GC heap before
{Heap before GC invocations=100 (full 45):
 PSYoungGen      total 241152K, used 96K [0x00000007aab00000, 0x00000007bc080000, 0x00000007c0000000)
  eden space 240128K, 0% used [0x00000007aab00000,0x00000007aab00000,0x00000007b9580000)
  from space 1024K, 9% used [0x00000007bbe80000,0x00000007bbe98000,0x00000007bbf80000)
  to   space 1024K, 0% used [0x00000007bbf80000,0x00000007bbf80000,0x00000007bc080000)
 ParOldGen       total 123392K, used 4062K [0x0000000780000000, 0x0000000787880000, 0x00000007aab00000)
  object space 123392K, 3% used [0x0000000780000000,0x00000007803f7a30,0x0000000787880000)
 Metaspace       used 17586K, capacity 17834K, committed 18048K, reserved 1064960K
  class space    used 1976K, capacity 2062K, committed 2176K, reserved 1048576K
Event: 136091,420 GC heap after
Heap after GC invocations=100 (full 45):
 PSYoungGen      total 241152K, used 0K [0x00000007aab00000, 0x00000007bc080000, 0x00000007c0000000)
  eden space 240128K, 0% used [0x00000007aab00000,0x00000007aab00000,0x00000007b9580000)
  from space 1024K, 0% used [0x00000007bbe80000,0x00000007bbe80000,0x00000007bbf80000)
  to   space 1024K, 0% used [0x00000007bbf80000,0x00000007bbf80000,0x00000007bc080000)
 ParOldGen       total 123392K, used 4063K [0x0000000780000000, 0x0000000787880000, 0x00000007aab00000)
  object space 123392K, 3% used [0x0000000780000000,0x00000007803f7cf8,0x0000000787880000)
 Metaspace       used 17586K, capacity 17834K, committed 18048K, reserved 1064960K
  class space    used 1976K, capacity 2062K, committed 2176K, reserved 1048576K
}

